<?xml version="1.0" encoding="UTF-8"?>
<coverage generated="1584651372145" clover="3.2.0">
  <project timestamp="1584651372145" name="All files">
    <metrics statements="12" coveredstatements="7" conditionals="0" coveredconditionals="0" methods="7" coveredmethods="2" elements="19" coveredelements="9" complexity="0" loc="12" ncloc="12" packages="1" files="3" classes="3"/>
    <file name="ImageCarouselArrows.jsx" path="/Users/Calvin/CapStone/image-carousel-server/client/ImageCarouselArrows.jsx">
      <metrics statements="2" coveredstatements="1" conditionals="0" coveredconditionals="0" methods="1" coveredmethods="0"/>
      <line num="3" count="1" type="stmt"/>
      <line num="4" count="0" type="stmt"/>
    </file>
    <file name="ImageCarouselEntry.jsx" path="/Users/Calvin/CapStone/image-carousel-server/client/ImageCarouselEntry.jsx">
      <metrics statements="2" coveredstatements="1" conditionals="0" coveredconditionals="0" methods="1" coveredmethods="0"/>
      <line num="3" count="1" type="stmt"/>
      <line num="4" count="0" type="stmt"/>
    </file>
    <file name="ImageCarouselMain.jsx" path="/Users/Calvin/CapStone/image-carousel-server/client/ImageCarouselMain.jsx">
      <metrics statements="8" coveredstatements="5" conditionals="0" coveredconditionals="0" methods="5" coveredmethods="2"/>
      <line num="9" count="2" type="stmt"/>
      <line num="11" count="2" type="stmt"/>
      <line num="15" count="2" type="stmt"/>
      <line num="16" count="2" type="stmt"/>
      <line num="21" count="0" type="stmt"/>
      <line num="25" count="0" type="stmt"/>
      <line num="30" count="2" type="stmt"/>
      <line num="34" count="0" type="stmt"/>
    </file>
  </project>
</coverage>
