TN:
SF:client/ImageCarouselArrows.jsx
FN:3,(anonymous_0)
FNF:1
FNH:0
FNDA:0,(anonymous_0)
DA:3,1
DA:4,0
LF:2
LH:1
BRF:0
BRH:0
end_of_record
TN:
SF:client/ImageCarouselEntry.jsx
FN:3,(anonymous_0)
FNF:1
FNH:0
FNDA:0,(anonymous_0)
DA:3,1
DA:4,0
LF:2
LH:1
BRF:0
BRH:0
end_of_record
TN:
SF:client/ImageCarouselMain.jsx
FN:8,(anonymous_0)
FN:20,(anonymous_1)
FN:24,(anonymous_2)
FN:29,(anonymous_3)
FN:33,(anonymous_4)
FNF:5
FNH:2
FNDA:2,(anonymous_0)
FNDA:0,(anonymous_1)
FNDA:0,(anonymous_2)
FNDA:2,(anonymous_3)
FNDA:0,(anonymous_4)
DA:9,2
DA:11,2
DA:15,2
DA:16,2
DA:21,0
DA:25,0
DA:30,2
DA:34,0
LF:8
LH:5
BRF:0
BRH:0
end_of_record
